Arguments: 
  D:\tools\nodejs\node.exe D:\tools\Yarn\bin\yarn.js add webpack --dev

PATH: 
  C:\ProgramData\Oracle\Java\javapath;C:\WINDOWS\system32;C:\WINDOWS;C:\WINDOWS\System32\Wbem;C:\WINDOWS\System32\WindowsPowerShell\v1.0\;C:\Program Files (x86)\NVIDIA Corporation\PhysX\Common;C:\Program Files\Intel\WiFi\bin\;C:\Program Files\Common Files\Intel\WirelessCommon\;D:\tools\TortoiseGit\bin;C:\WINDOWS\system32;C:\WINDOWS;C:\WINDOWS\System32\Wbem;C:\WINDOWS\System32\WindowsPowerShell\v1.0\;D:\tools\nodejs\;D:\tools\Git\Git\cmd;D:\tools\Yarn\bin;C:\work\Java\jdk1.8.0_45\bin;C:\Program Files\Intel\WiFi\bin\;C:\Program Files\Common Files\Intel\WirelessCommon\;D:\tools\mysql-5.6.24\bin;D:\tools\apache-maven-3.3.9\bin;C:\Users\machenike\AppData\Roaming\npm;C:\Users\machenike\AppData\Local\Microsoft\WindowsApps;D:\tools\Yarn\bin

Yarn version: 
  0.21.3

Node version: 
  6.3.0

Platform: 
  win32 x64

npm manifest: 
  {
    "name": "iflux2-test-qiangge",
    "version": "1.0.0",
    "description": "qiangge's first package!",
    "main": "index.js",
    "author": "lingqiang",
    "license": "MIT"
  }

yarn manifest: 
  No manifest

Lockfile: 
  No lockfile

Trace: 
  Error: connect ETIMEDOUT 104.16.62.173:443
      at Object.exports._errnoException (util.js:1008:11)
      at exports._exceptionWithHostPort (util.js:1031:20)
      at TCPConnectWrap.afterConnect [as oncomplete] (net.js:1080:14)
